# JRE version: Java(TM) SE Runtime Environment 18.9 (11.0.18+9) (build 11.0.18+9-LTS-195)
# Java VM: Java HotSpot(TM) 64-Bit Server VM 18.9 (11.0.18+9-LTS-195, mixed mode, tiered, compressed oops, g1 gc, windows-amd64)
Heap:
 garbage-first heap   total 312320K, used 219394K [0x0000000080000000, 0x0000000100000000)
  region size 1024K, 11 young (11264K), 6 survivors (6144K)
 Metaspace       used 118657K, capacity 123395K, committed 123640K, reserved 622592K
  class space    used 15814K, capacity 17576K, committed 17656K, reserved 516096K
GC Heap History (10 events):
Event: 47.399 GC heap before
{Heap before GC invocations=80 (full 0):
 garbage-first heap   total 312320K, used 230268K [0x0000000080000000, 0x0000000100000000)
  region size 1024K, 43 young (44032K), 2 survivors (2048K)
 Metaspace       used 111386K, capacity 115895K, committed 115960K, reserved 616448K
  class space    used 14853K, capacity 16567K, committed 16632K, reserved 516096K
}
Event: 47.405 GC heap after
{Heap after GC invocations=81 (full 0):
 garbage-first heap   total 312320K, used 192419K [0x0000000080000000, 0x0000000100000000)
  region size 1024K, 6 young (6144K), 6 survivors (6144K)
 Metaspace       used 111386K, capacity 115895K, committed 115960K, reserved 616448K
  class space    used 14853K, capacity 16567K, committed 16632K, reserved 516096K
}
Event: 47.543 GC heap before
{Heap before GC invocations=81 (full 0):
 garbage-first heap   total 312320K, used 197539K [0x0000000080000000, 0x0000000100000000)
  region size 1024K, 12 young (12288K), 6 survivors (6144K)
 Metaspace       used 111454K, capacity 116005K, committed 116216K, reserved 616448K
  class space    used 14864K, capacity 16582K, committed 16632K, reserved 516096K
}
Event: 47.555 GC heap after
{Heap after GC invocations=82 (full 0):
 garbage-first heap   total 312320K, used 193606K [0x0000000080000000, 0x0000000100000000)
  region size 1024K, 2 young (2048K), 2 survivors (2048K)
 Metaspace       used 111454K, capacity 116005K, committed 116216K, reserved 616448K
  class space    used 14864K, capacity 16582K, committed 16632K, reserved 516096K
}
Event: 48.479 GC heap before
{Heap before GC invocations=83 (full 0):
 garbage-first heap   total 312320K, used 240710K [0x0000000080000000, 0x0000000100000000)
  region size 1024K, 44 young (45056K), 2 survivors (2048K)
 Metaspace       used 113481K, capacity 118085K, committed 118392K, reserved 618496K
  class space    used 15123K, capacity 16891K, committed 17016K, reserved 516096K
}
Event: 48.488 GC heap after
{Heap after GC invocations=84 (full 0):
 garbage-first heap   total 312320K, used 202480K [0x0000000080000000, 0x0000000100000000)
  region size 1024K, 6 young (6144K), 6 survivors (6144K)
 Metaspace       used 113481K, capacity 118085K, committed 118392K, reserved 618496K
  class space    used 15123K, capacity 16891K, committed 17016K, reserved 516096K
}
Event: 50.229 GC heap before
{Heap before GC invocations=84 (full 0):
 garbage-first heap   total 312320K, used 244464K [0x0000000080000000, 0x0000000100000000)
  region size 1024K, 47 young (48128K), 6 survivors (6144K)
 Metaspace       used 117762K, capacity 122411K, committed 122488K, reserved 622592K
  class space    used 15723K, capacity 17501K, committed 17528K, reserved 516096K
}
Event: 50.247 GC heap after
{Heap after GC invocations=85 (full 0):
 garbage-first heap   total 312320K, used 206553K [0x0000000080000000, 0x0000000100000000)
  region size 1024K, 5 young (5120K), 5 survivors (5120K)
 Metaspace       used 117762K, capacity 122411K, committed 122488K, reserved 622592K
  class space    used 15723K, capacity 17501K, committed 17528K, reserved 516096K
}
Event: 51.984 GC heap before
{Heap before GC invocations=86 (full 0):
 garbage-first heap   total 312320K, used 248537K [0x0000000080000000, 0x0000000100000000)
  region size 1024K, 46 young (47104K), 5 survivors (5120K)
 Metaspace       used 118571K, capacity 123285K, committed 123640K, reserved 622592K
  class space    used 15802K, capacity 17540K, committed 17656K, reserved 516096K
}
Event: 52.003 GC heap after
{Heap after GC invocations=87 (full 0):
 garbage-first heap   total 312320K, used 215298K [0x0000000080000000, 0x0000000100000000)
  region size 1024K, 6 young (6144K), 6 survivors (6144K)
 Metaspace       used 118571K, capacity 123285K, committed 123640K, reserved 622592K
  class space    used 15802K, capacity 17540K, committed 17656K, reserved 516096K
}

