# JRE version: Java(TM) SE Runtime Environment 18.9 (11.0.18+9) (build 11.0.18+9-LTS-195)
# Java VM: Java HotSpot(TM) 64-Bit Server VM 18.9 (11.0.18+9-LTS-195, mixed mode, tiered, compressed oops, g1 gc, windows-amd64)
Heap:
 garbage-first heap   total 197632K, used 159102K [0x0000000080000000, 0x0000000100000000)
  region size 1024K, 19 young (19456K), 4 survivors (4096K)
 Metaspace       used 105058K, capacity 108742K, committed 108928K, reserved 610304K
  class space    used 13937K, capacity 15373K, committed 15488K, reserved 516096K
GC Heap History (10 events):
Event: 99.987 GC heap before
{Heap before GC invocations=82 (full 0):
 garbage-first heap   total 197632K, used 159585K [0x0000000080000000, 0x0000000100000000)
  region size 1024K, 26 young (26624K), 4 survivors (4096K)
 Metaspace       used 99984K, capacity 103409K, committed 103552K, reserved 606208K
  class space    used 13241K, capacity 14606K, committed 14720K, reserved 516096K
}
Event: 100.060 GC heap after
{Heap after GC invocations=83 (full 0):
 garbage-first heap   total 197632K, used 138781K [0x0000000080000000, 0x0000000100000000)
  region size 1024K, 3 young (3072K), 3 survivors (3072K)
 Metaspace       used 99984K, capacity 103409K, committed 103552K, reserved 606208K
  class space    used 13241K, capacity 14606K, committed 14720K, reserved 516096K
}
Event: 103.999 GC heap before
{Heap before GC invocations=84 (full 0):
 garbage-first heap   total 197632K, used 161309K [0x0000000080000000, 0x0000000100000000)
  region size 1024K, 25 young (25600K), 3 survivors (3072K)
 Metaspace       used 101168K, capacity 104582K, committed 104704K, reserved 606208K
  class space    used 13391K, capacity 14738K, committed 14848K, reserved 516096K
}
Event: 104.005 GC heap after
{Heap after GC invocations=85 (full 0):
 garbage-first heap   total 197632K, used 140174K [0x0000000080000000, 0x0000000100000000)
  region size 1024K, 4 young (4096K), 4 survivors (4096K)
 Metaspace       used 101168K, capacity 104582K, committed 104704K, reserved 606208K
  class space    used 13391K, capacity 14738K, committed 14848K, reserved 516096K
}
Event: 105.294 GC heap before
{Heap before GC invocations=85 (full 0):
 garbage-first heap   total 197632K, used 162702K [0x0000000080000000, 0x0000000100000000)
  region size 1024K, 26 young (26624K), 4 survivors (4096K)
 Metaspace       used 102223K, capacity 105711K, committed 105856K, reserved 608256K
  class space    used 13565K, capacity 14913K, committed 14976K, reserved 516096K
}
Event: 105.305 GC heap after
{Heap after GC invocations=86 (full 0):
 garbage-first heap   total 197632K, used 141599K [0x0000000080000000, 0x0000000100000000)
  region size 1024K, 3 young (3072K), 3 survivors (3072K)
 Metaspace       used 102223K, capacity 105711K, committed 105856K, reserved 608256K
  class space    used 13565K, capacity 14913K, committed 14976K, reserved 516096K
}
Event: 106.572 GC heap before
{Heap before GC invocations=87 (full 0):
 garbage-first heap   total 197632K, used 165151K [0x0000000080000000, 0x0000000100000000)
  region size 1024K, 26 young (26624K), 3 survivors (3072K)
 Metaspace       used 103403K, capacity 106989K, committed 107136K, reserved 608256K
  class space    used 13725K, capacity 15115K, committed 15232K, reserved 516096K
}
Event: 106.606 GC heap after
{Heap after GC invocations=88 (full 0):
 garbage-first heap   total 197632K, used 142865K [0x0000000080000000, 0x0000000100000000)
  region size 1024K, 3 young (3072K), 3 survivors (3072K)
 Metaspace       used 103403K, capacity 106989K, committed 107136K, reserved 608256K
  class space    used 13725K, capacity 15115K, committed 15232K, reserved 516096K
}
Event: 107.927 GC heap before
{Heap before GC invocations=88 (full 0):
 garbage-first heap   total 197632K, used 166417K [0x0000000080000000, 0x0000000100000000)
  region size 1024K, 26 young (26624K), 3 survivors (3072K)
 Metaspace       used 104904K, capacity 108569K, committed 108800K, reserved 610304K
  class space    used 13920K, capacity 15338K, committed 15360K, reserved 516096K
}
Event: 107.939 GC heap after
{Heap after GC invocations=89 (full 0):
 garbage-first heap   total 197632K, used 144766K [0x0000000080000000, 0x0000000100000000)
  region size 1024K, 4 young (4096K), 4 survivors (4096K)
 Metaspace       used 104904K, capacity 108569K, committed 108800K, reserved 610304K
  class space    used 13920K, capacity 15338K, committed 15360K, reserved 516096K
}

