# JRE version: Java(TM) SE Runtime Environment 18.9 (11.0.18+9) (build 11.0.18+9-LTS-195)
# Java VM: Java HotSpot(TM) 64-Bit Server VM 18.9 (11.0.18+9-LTS-195, mixed mode, tiered, compressed oops, g1 gc, windows-amd64)
Heap:
 garbage-first heap   total 151552K, used 137401K [0x0000000080000000, 0x0000000100000000)
  region size 1024K, 3 young (3072K), 1 survivors (1024K)
 Metaspace       used 97129K, capacity 100565K, committed 100736K, reserved 604160K
  class space    used 12964K, capacity 14343K, committed 14464K, reserved 516096K
GC Heap History (10 events):
Event: 106.688 GC heap before
{Heap before GC invocations=97 (full 0):
 garbage-first heap   total 151552K, used 138604K [0x0000000080000000, 0x0000000100000000)
  region size 1024K, 7 young (7168K), 1 survivors (1024K)
 Metaspace       used 96242K, capacity 99567K, committed 99712K, reserved 602112K
  class space    used 12796K, capacity 14098K, committed 14208K, reserved 516096K
}
Event: 106.690 GC heap after
{Heap after GC invocations=98 (full 0):
 garbage-first heap   total 151552K, used 133870K [0x0000000080000000, 0x0000000100000000)
  region size 1024K, 1 young (1024K), 1 survivors (1024K)
 Metaspace       used 96242K, capacity 99567K, committed 99712K, reserved 602112K
  class space    used 12796K, capacity 14098K, committed 14208K, reserved 516096K
}
Event: 107.203 GC heap before
{Heap before GC invocations=98 (full 0):
 garbage-first heap   total 151552K, used 138990K [0x0000000080000000, 0x0000000100000000)
  region size 1024K, 7 young (7168K), 1 survivors (1024K)
 Metaspace       used 96492K, capacity 99881K, committed 99968K, reserved 602112K
  class space    used 12849K, capacity 14183K, committed 14208K, reserved 516096K
}
Event: 107.207 GC heap after
{Heap after GC invocations=99 (full 0):
 garbage-first heap   total 151552K, used 133885K [0x0000000080000000, 0x0000000100000000)
  region size 1024K, 1 young (1024K), 1 survivors (1024K)
 Metaspace       used 96492K, capacity 99881K, committed 99968K, reserved 602112K
  class space    used 12849K, capacity 14183K, committed 14208K, reserved 516096K
}
Event: 107.477 GC heap before
{Heap before GC invocations=99 (full 0):
 garbage-first heap   total 151552K, used 140029K [0x0000000080000000, 0x0000000100000000)
  region size 1024K, 7 young (7168K), 1 survivors (1024K)
 Metaspace       used 96667K, capacity 100094K, committed 100352K, reserved 602112K
  class space    used 12882K, capacity 14231K, committed 14336K, reserved 516096K
}
Event: 107.481 GC heap after
{Heap after GC invocations=100 (full 0):
 garbage-first heap   total 151552K, used 134398K [0x0000000080000000, 0x0000000100000000)
  region size 1024K, 1 young (1024K), 1 survivors (1024K)
 Metaspace       used 96667K, capacity 100094K, committed 100352K, reserved 602112K
  class space    used 12882K, capacity 14231K, committed 14336K, reserved 516096K
}
Event: 107.807 GC heap before
{Heap before GC invocations=101 (full 0):
 garbage-first heap   total 151552K, used 140542K [0x0000000080000000, 0x0000000100000000)
  region size 1024K, 7 young (7168K), 1 survivors (1024K)
 Metaspace       used 96778K, capacity 100203K, committed 100352K, reserved 602112K
  class space    used 12902K, capacity 14266K, committed 14336K, reserved 516096K
}
Event: 107.809 GC heap after
{Heap after GC invocations=102 (full 0):
 garbage-first heap   total 151552K, used 134966K [0x0000000080000000, 0x0000000100000000)
  region size 1024K, 1 young (1024K), 1 survivors (1024K)
 Metaspace       used 96778K, capacity 100203K, committed 100352K, reserved 602112K
  class space    used 12902K, capacity 14266K, committed 14336K, reserved 516096K
}
Event: 108.178 GC heap before
{Heap before GC invocations=102 (full 0):
 garbage-first heap   total 151552K, used 141110K [0x0000000080000000, 0x0000000100000000)
  region size 1024K, 7 young (7168K), 1 survivors (1024K)
 Metaspace       used 96931K, capacity 100394K, committed 100608K, reserved 604160K
  class space    used 12930K, capacity 14307K, committed 14336K, reserved 516096K
}
Event: 108.181 GC heap after
{Heap after GC invocations=103 (full 0):
 garbage-first heap   total 151552K, used 135805K [0x0000000080000000, 0x0000000100000000)
  region size 1024K, 1 young (1024K), 1 survivors (1024K)
 Metaspace       used 96931K, capacity 100394K, committed 100608K, reserved 604160K
  class space    used 12930K, capacity 14307K, committed 14336K, reserved 516096K
}

