# JRE version: Java(TM) SE Runtime Environment 18.9 (11.0.18+9) (build 11.0.18+9-LTS-195)
# Java VM: Java HotSpot(TM) 64-Bit Server VM 18.9 (11.0.18+9-LTS-195, mixed mode, tiered, compressed oops, g1 gc, windows-amd64)
Heap:
 garbage-first heap   total 122880K, used 36518K [0x0000000080000000, 0x0000000100000000)
  region size 1024K, 7 young (7168K), 4 survivors (4096K)
 Metaspace       used 51457K, capacity 52856K, committed 53120K, reserved 567296K
  class space    used 6688K, capacity 7269K, committed 7296K, reserved 516096K
GC Heap History (10 events):
Event: 17.230 GC heap before
{Heap before GC invocations=6 (full 0):
 garbage-first heap   total 122880K, used 38189K [0x0000000080000000, 0x0000000100000000)
  region size 1024K, 23 young (23552K), 5 survivors (5120K)
 Metaspace       used 34910K, capacity 35701K, committed 35840K, reserved 548864K
  class space    used 4550K, capacity 4864K, committed 4864K, reserved 516096K
}
Event: 17.236 GC heap after
{Heap after GC invocations=7 (full 0):
 garbage-first heap   total 122880K, used 23081K [0x0000000080000000, 0x0000000100000000)
  region size 1024K, 6 young (6144K), 6 survivors (6144K)
 Metaspace       used 34910K, capacity 35701K, committed 35840K, reserved 548864K
  class space    used 4550K, capacity 4864K, committed 4864K, reserved 516096K
}
Event: 18.036 GC heap before
{Heap before GC invocations=8 (full 0):
 garbage-first heap   total 122880K, used 80425K [0x0000000080000000, 0x0000000100000000)
  region size 1024K, 60 young (61440K), 6 survivors (6144K)
 Metaspace       used 39394K, capacity 40364K, committed 40576K, reserved 552960K
  class space    used 5032K, capacity 5438K, committed 5504K, reserved 516096K
}
Event: 18.044 GC heap after
{Heap after GC invocations=9 (full 0):
 garbage-first heap   total 122880K, used 28120K [0x0000000080000000, 0x0000000100000000)
  region size 1024K, 8 young (8192K), 8 survivors (8192K)
 Metaspace       used 39394K, capacity 40364K, committed 40576K, reserved 552960K
  class space    used 5032K, capacity 5438K, committed 5504K, reserved 516096K
}
Event: 30.886 GC heap before
{Heap before GC invocations=9 (full 0):
 garbage-first heap   total 122880K, used 84440K [0x0000000080000000, 0x0000000100000000)
  region size 1024K, 62 young (63488K), 8 survivors (8192K)
 Metaspace       used 42857K, capacity 43999K, committed 44160K, reserved 555008K
  class space    used 5453K, capacity 5919K, committed 6016K, reserved 516096K
}
Event: 30.895 GC heap after
{Heap after GC invocations=10 (full 0):
 garbage-first heap   total 122880K, used 31016K [0x0000000080000000, 0x0000000100000000)
  region size 1024K, 8 young (8192K), 8 survivors (8192K)
 Metaspace       used 42857K, capacity 43999K, committed 44160K, reserved 555008K
  class space    used 5453K, capacity 5919K, committed 6016K, reserved 516096K
}
Event: 34.360 GC heap before
{Heap before GC invocations=10 (full 0):
 garbage-first heap   total 122880K, used 86312K [0x0000000080000000, 0x0000000100000000)
  region size 1024K, 62 young (63488K), 8 survivors (8192K)
 Metaspace       used 47182K, capacity 48443K, committed 48768K, reserved 559104K
  class space    used 6152K, capacity 6694K, committed 6784K, reserved 516096K
}
Event: 34.369 GC heap after
{Heap after GC invocations=11 (full 0):
 garbage-first heap   total 122880K, used 33863K [0x0000000080000000, 0x0000000100000000)
  region size 1024K, 6 young (6144K), 6 survivors (6144K)
 Metaspace       used 47182K, capacity 48443K, committed 48768K, reserved 559104K
  class space    used 6152K, capacity 6694K, committed 6784K, reserved 516096K
}
Event: 35.183 GC heap before
{Heap before GC invocations=11 (full 0):
 garbage-first heap   total 122880K, used 69703K [0x0000000080000000, 0x0000000100000000)
  region size 1024K, 42 young (43008K), 6 survivors (6144K)
 Metaspace       used 50090K, capacity 51423K, committed 51456K, reserved 567296K
  class space    used 6545K, capacity 7135K, committed 7168K, reserved 516096K
}
Event: 35.196 GC heap after
{Heap after GC invocations=12 (full 0):
 garbage-first heap   total 122880K, used 34470K [0x0000000080000000, 0x0000000100000000)
  region size 1024K, 4 young (4096K), 4 survivors (4096K)
 Metaspace       used 50090K, capacity 51423K, committed 51456K, reserved 567296K
  class space    used 6545K, capacity 7135K, committed 7168K, reserved 516096K
}

