# JRE version: Java(TM) SE Runtime Environment 18.9 (11.0.18+9) (build 11.0.18+9-LTS-195)
# Java VM: Java HotSpot(TM) 64-Bit Server VM 18.9 (11.0.18+9-LTS-195, mixed mode, tiered, compressed oops, g1 gc, windows-amd64)
Heap:
 garbage-first heap   total 207872K, used 141423K [0x0000000080000000, 0x0000000100000000)
  region size 1024K, 9 young (9216K), 2 survivors (2048K)
 Metaspace       used 98842K, capacity 102210K, committed 102476K, reserved 604160K
  class space    used 13127K, capacity 14508K, committed 14540K, reserved 516096K
GC Heap History (10 events):
Event: 106.709 GC heap before
{Heap before GC invocations=90 (full 0):
 garbage-first heap   total 154624K, used 138145K [0x0000000080000000, 0x0000000100000000)
  region size 1024K, 7 young (7168K), 1 survivors (1024K)
 Metaspace       used 97864K, capacity 101215K, committed 101452K, reserved 604160K
  class space    used 12951K, capacity 14263K, committed 14284K, reserved 516096K
}
Event: 106.712 GC heap after
{Heap after GC invocations=91 (full 0):
 garbage-first heap   total 154624K, used 132844K [0x0000000080000000, 0x0000000100000000)
  region size 1024K, 1 young (1024K), 1 survivors (1024K)
 Metaspace       used 97864K, capacity 101215K, committed 101452K, reserved 604160K
  class space    used 12951K, capacity 14263K, committed 14284K, reserved 516096K
}
Event: 107.348 GC heap before
{Heap before GC invocations=91 (full 0):
 garbage-first heap   total 154624K, used 137964K [0x0000000080000000, 0x0000000100000000)
  region size 1024K, 7 young (7168K), 1 survivors (1024K)
 Metaspace       used 98115K, capacity 101561K, committed 101836K, reserved 604160K
  class space    used 13004K, capacity 14316K, committed 14412K, reserved 516096K
}
Event: 107.351 GC heap after
{Heap after GC invocations=92 (full 0):
 garbage-first heap   total 154624K, used 133241K [0x0000000080000000, 0x0000000100000000)
  region size 1024K, 1 young (1024K), 1 survivors (1024K)
 Metaspace       used 98115K, capacity 101561K, committed 101836K, reserved 604160K
  class space    used 13004K, capacity 14316K, committed 14412K, reserved 516096K
}
Event: 107.532 GC heap before
{Heap before GC invocations=92 (full 0):
 garbage-first heap   total 154624K, used 139385K [0x0000000080000000, 0x0000000100000000)
  region size 1024K, 7 young (7168K), 1 survivors (1024K)
 Metaspace       used 98290K, capacity 101741K, committed 101836K, reserved 604160K
  class space    used 13037K, capacity 14396K, committed 14412K, reserved 516096K
}
Event: 107.548 GC heap after
{Heap after GC invocations=93 (full 0):
 garbage-first heap   total 154624K, used 133757K [0x0000000080000000, 0x0000000100000000)
  region size 1024K, 1 young (1024K), 1 survivors (1024K)
 Metaspace       used 98290K, capacity 101741K, committed 101836K, reserved 604160K
  class space    used 13037K, capacity 14396K, committed 14412K, reserved 516096K
}
Event: 107.769 GC heap before
{Heap before GC invocations=94 (full 0):
 garbage-first heap   total 154624K, used 139901K [0x0000000080000000, 0x0000000100000000)
  region size 1024K, 7 young (7168K), 1 survivors (1024K)
 Metaspace       used 98398K, capacity 101850K, committed 101964K, reserved 604160K
  class space    used 13057K, capacity 14431K, committed 14540K, reserved 516096K
}
Event: 107.773 GC heap after
{Heap after GC invocations=95 (full 0):
 garbage-first heap   total 207872K, used 134284K [0x0000000080000000, 0x0000000100000000)
  region size 1024K, 1 young (1024K), 1 survivors (1024K)
 Metaspace       used 98398K, capacity 101850K, committed 101964K, reserved 604160K
  class space    used 13057K, capacity 14431K, committed 14540K, reserved 516096K
}
Event: 108.412 GC heap before
{Heap before GC invocations=95 (full 0):
 garbage-first heap   total 207872K, used 143500K [0x0000000080000000, 0x0000000100000000)
  region size 1024K, 10 young (10240K), 1 survivors (1024K)
 Metaspace       used 98633K, capacity 102108K, committed 102220K, reserved 604160K
  class space    used 13101K, capacity 14474K, committed 14540K, reserved 516096K
}
Event: 108.416 GC heap after
{Heap after GC invocations=96 (full 0):
 garbage-first heap   total 207872K, used 135279K [0x0000000080000000, 0x0000000100000000)
  region size 1024K, 2 young (2048K), 2 survivors (2048K)
 Metaspace       used 98633K, capacity 102108K, committed 102220K, reserved 604160K
  class space    used 13101K, capacity 14474K, committed 14540K, reserved 516096K
}

