# JRE version: Java(TM) SE Runtime Environment 18.9 (11.0.18+9) (build 11.0.18+9-LTS-195)
# Java VM: Java HotSpot(TM) 64-Bit Server VM 18.9 (11.0.18+9-LTS-195, mixed mode, tiered, compressed oops, g1 gc, windows-amd64)
Heap:
 garbage-first heap   total 222208K, used 161396K [0x0000000080000000, 0x0000000100000000)
  region size 1024K, 23 young (23552K), 5 survivors (5120K)
 Metaspace       used 104857K, capacity 108394K, committed 108544K, reserved 610304K
  class space    used 13938K, capacity 15341K, committed 15360K, reserved 516096K
GC Heap History (10 events):
Event: 100.834 GC heap before
{Heap before GC invocations=89 (full 0):
 garbage-first heap   total 179200K, used 150001K [0x0000000080000000, 0x0000000100000000)
  region size 1024K, 15 young (15360K), 2 survivors (2048K)
 Metaspace       used 100581K, capacity 104024K, committed 104064K, reserved 606208K
  class space    used 13349K, capacity 14703K, committed 14720K, reserved 516096K
}
Event: 100.839 GC heap after
{Heap after GC invocations=90 (full 0):
 garbage-first heap   total 179200K, used 138015K [0x0000000080000000, 0x0000000100000000)
  region size 1024K, 2 young (2048K), 2 survivors (2048K)
 Metaspace       used 100581K, capacity 104024K, committed 104064K, reserved 606208K
  class space    used 13349K, capacity 14703K, committed 14720K, reserved 516096K
}
Event: 103.904 GC heap before
{Heap before GC invocations=91 (full 0):
 garbage-first heap   total 179200K, used 151327K [0x0000000080000000, 0x0000000100000000)
  region size 1024K, 15 young (15360K), 2 survivors (2048K)
 Metaspace       used 100966K, capacity 104388K, committed 104704K, reserved 606208K
  class space    used 13394K, capacity 14737K, committed 14848K, reserved 516096K
}
Event: 103.964 GC heap after
{Heap after GC invocations=92 (full 0):
 garbage-first heap   total 179200K, used 138814K [0x0000000080000000, 0x0000000100000000)
  region size 1024K, 1 young (1024K), 1 survivors (1024K)
 Metaspace       used 100966K, capacity 104388K, committed 104704K, reserved 606208K
  class space    used 13394K, capacity 14737K, committed 14848K, reserved 516096K
}
Event: 104.910 GC heap before
{Heap before GC invocations=92 (full 0):
 garbage-first heap   total 179200K, used 153150K [0x0000000080000000, 0x0000000100000000)
  region size 1024K, 15 young (15360K), 1 survivors (1024K)
 Metaspace       used 101553K, capacity 105052K, committed 105216K, reserved 608256K
  class space    used 13496K, capacity 14846K, committed 14848K, reserved 516096K
}
Event: 104.915 GC heap after
{Heap after GC invocations=93 (full 0):
 garbage-first heap   total 222208K, used 139365K [0x0000000080000000, 0x0000000100000000)
  region size 1024K, 2 young (2048K), 2 survivors (2048K)
 Metaspace       used 101553K, capacity 105052K, committed 105216K, reserved 608256K
  class space    used 13496K, capacity 14846K, committed 14848K, reserved 516096K
}
Event: 105.817 GC heap before
{Heap before GC invocations=94 (full 0):
 garbage-first heap   total 222208K, used 171109K [0x0000000080000000, 0x0000000100000000)
  region size 1024K, 33 young (33792K), 2 survivors (2048K)
 Metaspace       used 103205K, capacity 106731K, committed 106880K, reserved 608256K
  class space    used 13725K, capacity 15114K, committed 15232K, reserved 516096K
}
Event: 105.835 GC heap after
{Heap after GC invocations=95 (full 0):
 garbage-first heap   total 222208K, used 141074K [0x0000000080000000, 0x0000000100000000)
  region size 1024K, 3 young (3072K), 3 survivors (3072K)
 Metaspace       used 103205K, capacity 106731K, committed 106880K, reserved 608256K
  class space    used 13725K, capacity 15114K, committed 15232K, reserved 516096K
}
Event: 108.352 GC heap before
{Heap before GC invocations=95 (full 0):
 garbage-first heap   total 222208K, used 174866K [0x0000000080000000, 0x0000000100000000)
  region size 1024K, 36 young (36864K), 3 survivors (3072K)
 Metaspace       used 104840K, capacity 108388K, committed 108544K, reserved 610304K
  class space    used 13937K, capacity 15340K, committed 15360K, reserved 516096K
}
Event: 108.365 GC heap after
{Heap after GC invocations=96 (full 0):
 garbage-first heap   total 222208K, used 143988K [0x0000000080000000, 0x0000000100000000)
  region size 1024K, 5 young (5120K), 5 survivors (5120K)
 Metaspace       used 104840K, capacity 108388K, committed 108544K, reserved 610304K
  class space    used 13937K, capacity 15340K, committed 15360K, reserved 516096K
}

