# JRE version: Java(TM) SE Runtime Environment 18.9 (11.0.18+9) (build 11.0.18+9-LTS-195)
# Java VM: Java HotSpot(TM) 64-Bit Server VM 18.9 (11.0.18+9-LTS-195, mixed mode, tiered, compressed oops, g1 gc, windows-amd64)
Heap:
 garbage-first heap   total 408576K, used 276794K [0x0000000080000000, 0x0000000100000000)
  region size 1024K, 42 young (43008K), 13 survivors (13312K)
 Metaspace       used 126340K, capacity 131286K, committed 131576K, reserved 630784K
  class space    used 16608K, capacity 18557K, committed 18680K, reserved 516096K
GC Heap History (10 events):
Event: 33.395 GC heap before
{Heap before GC invocations=74 (full 0):
 garbage-first heap   total 339968K, used 266317K [0x0000000080000000, 0x0000000100000000)
  region size 1024K, 67 young (68608K), 7 survivors (7168K)
 Metaspace       used 118382K, capacity 123210K, committed 123384K, reserved 622592K
  class space    used 15779K, capacity 17537K, committed 17656K, reserved 516096K
}
Event: 33.416 GC heap after
{Heap after GC invocations=75 (full 0):
 garbage-first heap   total 408576K, used 216710K [0x0000000080000000, 0x0000000100000000)
  region size 1024K, 9 young (9216K), 9 survivors (9216K)
 Metaspace       used 118382K, capacity 123210K, committed 123384K, reserved 622592K
  class space    used 15779K, capacity 17537K, committed 17656K, reserved 516096K
}
Event: 34.110 GC heap before
{Heap before GC invocations=76 (full 0):
 garbage-first heap   total 408576K, used 302726K [0x0000000080000000, 0x0000000100000000)
  region size 1024K, 93 young (95232K), 9 survivors (9216K)
 Metaspace       used 119113K, capacity 123826K, committed 123896K, reserved 622592K
  class space    used 15833K, capacity 17586K, committed 17656K, reserved 516096K
}
Event: 34.143 GC heap after
{Heap after GC invocations=77 (full 0):
 garbage-first heap   total 408576K, used 227829K [0x0000000080000000, 0x0000000100000000)
  region size 1024K, 11 young (11264K), 11 survivors (11264K)
 Metaspace       used 119113K, capacity 123826K, committed 123896K, reserved 622592K
  class space    used 15833K, capacity 17586K, committed 17656K, reserved 516096K
}
Event: 34.783 GC heap before
{Heap before GC invocations=77 (full 0):
 garbage-first heap   total 408576K, used 314869K [0x0000000080000000, 0x0000000100000000)
  region size 1024K, 96 young (98304K), 11 survivors (11264K)
 Metaspace       used 123291K, capacity 127937K, committed 127992K, reserved 626688K
  class space    used 16319K, capacity 18124K, committed 18168K, reserved 516096K
}
Event: 34.799 GC heap after
{Heap after GC invocations=78 (full 0):
 garbage-first heap   total 408576K, used 233669K [0x0000000080000000, 0x0000000100000000)
  region size 1024K, 7 young (7168K), 7 survivors (7168K)
 Metaspace       used 123291K, capacity 127937K, committed 127992K, reserved 626688K
  class space    used 16319K, capacity 18124K, committed 18168K, reserved 516096K
}
Event: 35.559 GC heap before
{Heap before GC invocations=79 (full 0):
 garbage-first heap   total 408576K, used 322757K [0x0000000080000000, 0x0000000100000000)
  region size 1024K, 95 young (97280K), 7 survivors (7168K)
 Metaspace       used 125527K, capacity 130442K, committed 130552K, reserved 628736K
  class space    used 16497K, capacity 18393K, committed 18424K, reserved 516096K
}
Event: 35.589 GC heap after
{Heap after GC invocations=80 (full 0):
 garbage-first heap   total 408576K, used 240925K [0x0000000080000000, 0x0000000100000000)
  region size 1024K, 12 young (12288K), 12 survivors (12288K)
 Metaspace       used 125527K, capacity 130442K, committed 130552K, reserved 628736K
  class space    used 16497K, capacity 18393K, committed 18424K, reserved 516096K
}
Event: 38.222 GC heap before
{Heap before GC invocations=80 (full 0):
 garbage-first heap   total 408576K, used 327965K [0x0000000080000000, 0x0000000100000000)
  region size 1024K, 98 young (100352K), 12 survivors (12288K)
 Metaspace       used 126099K, capacity 131029K, committed 131192K, reserved 628736K
  class space    used 16580K, capacity 18502K, committed 18552K, reserved 516096K
}
Event: 38.248 GC heap after
{Heap after GC invocations=81 (full 0):
 garbage-first heap   total 408576K, used 249146K [0x0000000080000000, 0x0000000100000000)
  region size 1024K, 13 young (13312K), 13 survivors (13312K)
 Metaspace       used 126099K, capacity 131029K, committed 131192K, reserved 628736K
  class space    used 16580K, capacity 18502K, committed 18552K, reserved 516096K
}

